[2026-02-26T16:55:52.824+0800] {local_task_job_runner.py:123} INFO - ::group::Pre task execution logs
[2026-02-26T16:55:52.842+0800] {taskinstance.py:2631} INFO - Dependencies all met for dep_context=non-requeueable deps ti=<TaskInstance: integrated_cdrd_workflow.consumer2_task manual__2026-02-26T08:55:33.385268+00:00 [queued]>
[2026-02-26T16:55:52.851+0800] {taskinstance.py:2631} INFO - Dependencies all met for dep_context=requeueable deps ti=<TaskInstance: integrated_cdrd_workflow.consumer2_task manual__2026-02-26T08:55:33.385268+00:00 [queued]>
[2026-02-26T16:55:52.851+0800] {taskinstance.py:2884} INFO - Starting attempt 1 of 1
[2026-02-26T16:55:52.864+0800] {taskinstance.py:2907} INFO - Executing <Task(PythonOperator): consumer2_task> on 2026-02-26 08:55:33.385268+00:00
[2026-02-26T16:55:52.868+0800] {standard_task_runner.py:72} INFO - Started process 18845 to run task
[2026-02-26T16:55:52.874+0800] {standard_task_runner.py:104} INFO - Running: ['airflow', 'tasks', 'run', 'integrated_cdrd_workflow', 'consumer2_task', 'manual__2026-02-26T08:55:33.385268+00:00', '--job-id', '409', '--raw', '--subdir', 'DAGS_FOLDER/tag_CDRD/cdrd_1p1n2t.py', '--cfg-path', '/var/folders/f7/4z7jtb213fs0mtgbw_0vs2600000gn/T/tmpq7es5qic']
[2026-02-26T16:55:52.879+0800] {standard_task_runner.py:105} INFO - Job 409: Subtask consumer2_task
[2026-02-26T16:55:52.934+0800] {task_command.py:467} INFO - Running <TaskInstance: integrated_cdrd_workflow.consumer2_task manual__2026-02-26T08:55:33.385268+00:00 [running]> on host localhost-2.local
[2026-02-26T16:55:53.005+0800] {taskinstance.py:3157} INFO - Exporting env vars: AIRFLOW_CTX_DAG_OWNER='airflow' AIRFLOW_CTX_DAG_ID='integrated_cdrd_workflow' AIRFLOW_CTX_TASK_ID='consumer2_task' AIRFLOW_CTX_EXECUTION_DATE='2026-02-26T08:55:33.385268+00:00' AIRFLOW_CTX_TRY_NUMBER='1' AIRFLOW_CTX_DAG_RUN_ID='manual__2026-02-26T08:55:33.385268+00:00'
[2026-02-26T16:55:53.007+0800] {taskinstance.py:740} INFO - ::endgroup::
[2026-02-26T16:55:53.032+0800] {logging_mixin.py:190} INFO - ⚠️ 未找到成功的消费者 DAG Run
[2026-02-26T16:55:53.033+0800] {taskinstance.py:3336} ERROR - Task failed with exception
Traceback (most recent call last):
  File "/Users/linghuchong/miniconda3/envs/py310/lib/python3.10/site-packages/airflow/models/taskinstance.py", line 776, in _execute_task
    result = _execute_callable(context=context, **execute_callable_kwargs)
  File "/Users/linghuchong/miniconda3/envs/py310/lib/python3.10/site-packages/airflow/models/taskinstance.py", line 742, in _execute_callable
    return ExecutionCallableRunner(
  File "/Users/linghuchong/miniconda3/envs/py310/lib/python3.10/site-packages/airflow/utils/operator_helpers.py", line 252, in run
    return self.func(*args, **kwargs)
  File "/Users/linghuchong/miniconda3/envs/py310/lib/python3.10/site-packages/airflow/models/baseoperator.py", line 424, in wrapper
    return func(self, *args, **kwargs)
  File "/Users/linghuchong/miniconda3/envs/py310/lib/python3.10/site-packages/airflow/operators/python.py", line 238, in execute
    return_value = self.execute_callable()
  File "/Users/linghuchong/miniconda3/envs/py310/lib/python3.10/site-packages/airflow/operators/python.py", line 256, in execute_callable
    return runner.run(*self.op_args, **self.op_kwargs)
  File "/Users/linghuchong/miniconda3/envs/py310/lib/python3.10/site-packages/airflow/utils/operator_helpers.py", line 252, in run
    return self.func(*args, **kwargs)
  File "/Users/linghuchong/Downloads/51/Python/project/instance/airflow284/dags/tag_CDRD/cdrd_1p1n2t.py", line 242, in c_cdrd_TASK2
    for i in range(len(l_col_values)):
TypeError: object of type 'NoneType' has no len()
[2026-02-26T16:55:53.040+0800] {taskinstance.py:1242} INFO - Marking task as FAILED. dag_id=integrated_cdrd_workflow, task_id=consumer2_task, run_id=manual__2026-02-26T08:55:33.385268+00:00, execution_date=20260226T085533, start_date=20260226T085552, end_date=20260226T085553
[2026-02-26T16:55:53.057+0800] {taskinstance.py:349} INFO - ::group::Post task execution logs
[2026-02-26T16:55:53.057+0800] {standard_task_runner.py:124} ERROR - Failed to execute job 409 for task consumer2_task (object of type 'NoneType' has no len(); 18845)
Traceback (most recent call last):
  File "/Users/linghuchong/miniconda3/envs/py310/lib/python3.10/site-packages/airflow/task/task_runner/standard_task_runner.py", line 117, in _start_by_fork
    ret = args.func(args, dag=self.dag)
  File "/Users/linghuchong/miniconda3/envs/py310/lib/python3.10/site-packages/airflow/cli/cli_config.py", line 49, in command
    return func(*args, **kwargs)
  File "/Users/linghuchong/miniconda3/envs/py310/lib/python3.10/site-packages/airflow/utils/cli.py", line 116, in wrapper
    return f(*args, **kwargs)
  File "/Users/linghuchong/miniconda3/envs/py310/lib/python3.10/site-packages/airflow/cli/commands/task_command.py", line 483, in task_run
    task_return_code = _run_task_by_selected_method(args, _dag, ti)
  File "/Users/linghuchong/miniconda3/envs/py310/lib/python3.10/site-packages/airflow/cli/commands/task_command.py", line 256, in _run_task_by_selected_method
    return _run_raw_task(args, ti)
  File "/Users/linghuchong/miniconda3/envs/py310/lib/python3.10/site-packages/airflow/cli/commands/task_command.py", line 341, in _run_raw_task
    return ti._run_raw_task(
  File "/Users/linghuchong/miniconda3/envs/py310/lib/python3.10/site-packages/airflow/utils/session.py", line 97, in wrapper
    return func(*args, session=session, **kwargs)
  File "/Users/linghuchong/miniconda3/envs/py310/lib/python3.10/site-packages/airflow/models/taskinstance.py", line 3029, in _run_raw_task
    return _run_raw_task(
  File "/Users/linghuchong/miniconda3/envs/py310/lib/python3.10/site-packages/airflow/models/taskinstance.py", line 282, in _run_raw_task
    TaskInstance._execute_task_with_callbacks(
  File "/Users/linghuchong/miniconda3/envs/py310/lib/python3.10/site-packages/airflow/models/taskinstance.py", line 3184, in _execute_task_with_callbacks
    result = self._execute_task(context, task_orig)
  File "/Users/linghuchong/miniconda3/envs/py310/lib/python3.10/site-packages/airflow/models/taskinstance.py", line 3208, in _execute_task
    return _execute_task(self, context, task_orig)
  File "/Users/linghuchong/miniconda3/envs/py310/lib/python3.10/site-packages/airflow/models/taskinstance.py", line 776, in _execute_task
    result = _execute_callable(context=context, **execute_callable_kwargs)
  File "/Users/linghuchong/miniconda3/envs/py310/lib/python3.10/site-packages/airflow/models/taskinstance.py", line 742, in _execute_callable
    return ExecutionCallableRunner(
  File "/Users/linghuchong/miniconda3/envs/py310/lib/python3.10/site-packages/airflow/utils/operator_helpers.py", line 252, in run
    return self.func(*args, **kwargs)
  File "/Users/linghuchong/miniconda3/envs/py310/lib/python3.10/site-packages/airflow/models/baseoperator.py", line 424, in wrapper
    return func(self, *args, **kwargs)
  File "/Users/linghuchong/miniconda3/envs/py310/lib/python3.10/site-packages/airflow/operators/python.py", line 238, in execute
    return_value = self.execute_callable()
  File "/Users/linghuchong/miniconda3/envs/py310/lib/python3.10/site-packages/airflow/operators/python.py", line 256, in execute_callable
    return runner.run(*self.op_args, **self.op_kwargs)
  File "/Users/linghuchong/miniconda3/envs/py310/lib/python3.10/site-packages/airflow/utils/operator_helpers.py", line 252, in run
    return self.func(*args, **kwargs)
  File "/Users/linghuchong/Downloads/51/Python/project/instance/airflow284/dags/tag_CDRD/cdrd_1p1n2t.py", line 242, in c_cdrd_TASK2
    for i in range(len(l_col_values)):
TypeError: object of type 'NoneType' has no len()
[2026-02-26T16:55:53.104+0800] {local_task_job_runner.py:266} INFO - Task exited with return code 1
[2026-02-26T16:55:53.128+0800] {taskinstance.py:3924} INFO - 0 downstream tasks scheduled from follow-on schedule check
[2026-02-26T16:55:53.129+0800] {local_task_job_runner.py:245} INFO - ::endgroup::
