WARNING:  ASGI app factory detected. Using it, but please consider setting the --factory flag explicitly.
INFO:     Started server process [3446]
INFO:     Waiting for application startup.
INFO:     Application startup complete.
INFO:     Uvicorn running on http://:8793 (Press CTRL+C to quit)
Traceback (most recent call last):
  File "/Users/linghuchong/miniconda3/envs/py310/bin/airflow", line 6, in <module>
    sys.exit(main())
  File "/Users/linghuchong/miniconda3/envs/py310/lib/python3.10/site-packages/airflow/__main__.py", line 62, in main
    args.func(args)
  File "/Users/linghuchong/miniconda3/envs/py310/lib/python3.10/site-packages/airflow/cli/cli_config.py", line 49, in command
    return func(*args, **kwargs)
  File "/Users/linghuchong/miniconda3/envs/py310/lib/python3.10/site-packages/airflow/utils/cli.py", line 116, in wrapper
    return f(*args, **kwargs)
  File "/Users/linghuchong/miniconda3/envs/py310/lib/python3.10/site-packages/airflow/cli/commands/task_command.py", line 462, in task_run
    ti, _ = _get_ti(task, args.map_index, exec_date_or_run_id=args.execution_date_or_run_id, pool=args.pool)
  File "/Users/linghuchong/miniconda3/envs/py310/lib/python3.10/site-packages/airflow/cli/commands/task_command.py", line 224, in _get_ti
    ti, dr_created = _get_ti_db_access(
  File "/Users/linghuchong/miniconda3/envs/py310/lib/python3.10/site-packages/airflow/api_internal/internal_api_call.py", line 166, in wrapper
    return func(*args, **kwargs)
  File "/Users/linghuchong/miniconda3/envs/py310/lib/python3.10/site-packages/airflow/utils/session.py", line 97, in wrapper
    return func(*args, session=session, **kwargs)
  File "/Users/linghuchong/miniconda3/envs/py310/lib/python3.10/site-packages/airflow/cli/commands/task_command.py", line 186, in _get_ti_db_access
    dag_run, dr_created = _get_dag_run(
  File "/Users/linghuchong/miniconda3/envs/py310/lib/python3.10/site-packages/airflow/cli/commands/task_command.py", line 130, in _get_dag_run
    raise DagRunNotFound(
airflow.exceptions.DagRunNotFound: DagRun for c_1p1n1n_DAG1 with run_id or execution_date of 'dataset_triggered__2026-02-24T02:31:30.520347+00:00' not found
python: can't open file '/Users/linghuchong/Downloads/51/Python/project/instance/zyjk/CDRD/web/系统.py': [Errno 2] No such file or directory
Traceback (most recent call last):
  File "/Users/linghuchong/Downloads/51/Python/project/instance/zyjk/CDRD/web/新增用户.py", line 4, in <module>
    from PO.FakerPO import *
ModuleNotFoundError: No module named 'PO'
Traceback (most recent call last):
  File "/Users/linghuchong/Downloads/51/Python/project/instance/zyjk/CDRD/web/新增用户.py", line 4, in <module>
    from PO.FakerPO import *
ModuleNotFoundError: No module named 'PO'
python: can't open file '/Users/linghuchong/Downloads/51/Python/project/instance/zyjk/CDRD/web/系统.py': [Errno 2] No such file or directory
python: can't open file '/Users/linghuchong/Downloads/51/Python/project/instance/zyjk/CDRD/web/系统.py': [Errno 2] No such file or directory
Traceback (most recent call last):
  File "/Users/linghuchong/Downloads/51/Python/project/instance/zyjk/CDRD/web/新增用户.py", line 4, in <module>
    from PO.FakerPO import *
ModuleNotFoundError: No module named 'PO'
python: can't open file '/Users/linghuchong/Downloads/51/Python/project/instance/zyjk/CDRD/web/系统.py': [Errno 2] No such file or directory
Process DagFileProcessor5623-Process:
Traceback (most recent call last):
  File "/Users/linghuchong/miniconda3/envs/py310/lib/python3.10/multiprocessing/process.py", line 315, in _bootstrap
    self.run()
  File "/Users/linghuchong/miniconda3/envs/py310/lib/python3.10/multiprocessing/process.py", line 108, in run
    self._target(*self._args, **self._kwargs)
  File "/Users/linghuchong/miniconda3/envs/py310/lib/python3.10/site-packages/airflow/dag_processing/processor.py", line 207, in _run_file_processor
    _handle_dag_file_processing()
  File "/Users/linghuchong/miniconda3/envs/py310/lib/python3.10/site-packages/airflow/dag_processing/processor.py", line 188, in _handle_dag_file_processing
    result: tuple[int, int, int] = dag_file_processor.process_file(
  File "/Users/linghuchong/miniconda3/envs/py310/lib/python3.10/site-packages/airflow/utils/session.py", line 97, in wrapper
    return func(*args, session=session, **kwargs)
  File "/Users/linghuchong/miniconda3/envs/py310/lib/python3.10/site-packages/airflow/dag_processing/processor.py", line 942, in process_file
    serialize_errors = DagFileProcessor.save_dag_to_db(
  File "/Users/linghuchong/miniconda3/envs/py310/lib/python3.10/site-packages/airflow/api_internal/internal_api_call.py", line 166, in wrapper
    return func(*args, **kwargs)
  File "/Users/linghuchong/miniconda3/envs/py310/lib/python3.10/site-packages/airflow/utils/session.py", line 97, in wrapper
    return func(*args, session=session, **kwargs)
  File "/Users/linghuchong/miniconda3/envs/py310/lib/python3.10/site-packages/airflow/dag_processing/processor.py", line 982, in save_dag_to_db
    import_errors = DagBag._sync_to_db(dags=dags, processor_subdir=dag_directory, session=session)
  File "/Users/linghuchong/miniconda3/envs/py310/lib/python3.10/site-packages/airflow/utils/session.py", line 94, in wrapper
    return func(*args, **kwargs)
  File "/Users/linghuchong/miniconda3/envs/py310/lib/python3.10/site-packages/airflow/models/dagbag.py", line 708, in _sync_to_db
    for attempt in run_with_db_retries(logger=log):
  File "/Users/linghuchong/miniconda3/envs/py310/lib/python3.10/site-packages/tenacity/__init__.py", line 347, in __iter__
    do = self.iter(retry_state=retry_state)
  File "/Users/linghuchong/miniconda3/envs/py310/lib/python3.10/site-packages/tenacity/__init__.py", line 314, in iter
    return fut.result()
  File "/Users/linghuchong/miniconda3/envs/py310/lib/python3.10/concurrent/futures/_base.py", line 439, in result
    return self.__get_result()
  File "/Users/linghuchong/miniconda3/envs/py310/lib/python3.10/concurrent/futures/_base.py", line 391, in __get_result
    raise self._exception
  File "/Users/linghuchong/miniconda3/envs/py310/lib/python3.10/site-packages/airflow/models/dagbag.py", line 724, in _sync_to_db
    DAG.bulk_write_to_db(dags.values(), processor_subdir=processor_subdir, session=session)
  File "/Users/linghuchong/miniconda3/envs/py310/lib/python3.10/site-packages/airflow/utils/session.py", line 94, in wrapper
    return func(*args, **kwargs)
  File "/Users/linghuchong/miniconda3/envs/py310/lib/python3.10/site-packages/airflow/models/dag.py", line 3425, in bulk_write_to_db
    dataset_manager.create_datasets(dataset_models=new_dataset_models, session=session)
  File "/Users/linghuchong/miniconda3/envs/py310/lib/python3.10/site-packages/airflow/datasets/manager.py", line 65, in create_datasets
    session.flush()
  File "/Users/linghuchong/miniconda3/envs/py310/lib/python3.10/site-packages/sqlalchemy/orm/session.py", line 3449, in flush
    self._flush(objects)
  File "/Users/linghuchong/miniconda3/envs/py310/lib/python3.10/site-packages/sqlalchemy/orm/session.py", line 3588, in _flush
    with util.safe_reraise():
  File "/Users/linghuchong/miniconda3/envs/py310/lib/python3.10/site-packages/sqlalchemy/util/langhelpers.py", line 70, in __exit__
    compat.raise_(
  File "/Users/linghuchong/miniconda3/envs/py310/lib/python3.10/site-packages/sqlalchemy/util/compat.py", line 211, in raise_
    raise exception
  File "/Users/linghuchong/miniconda3/envs/py310/lib/python3.10/site-packages/sqlalchemy/orm/session.py", line 3549, in _flush
    flush_context.execute()
  File "/Users/linghuchong/miniconda3/envs/py310/lib/python3.10/site-packages/sqlalchemy/orm/unitofwork.py", line 456, in execute
    rec.execute(self)
  File "/Users/linghuchong/miniconda3/envs/py310/lib/python3.10/site-packages/sqlalchemy/orm/unitofwork.py", line 630, in execute
    util.preloaded.orm_persistence.save_obj(
  File "/Users/linghuchong/miniconda3/envs/py310/lib/python3.10/site-packages/sqlalchemy/orm/persistence.py", line 237, in save_obj
    _emit_update_statements(
  File "/Users/linghuchong/miniconda3/envs/py310/lib/python3.10/site-packages/sqlalchemy/orm/persistence.py", line 1035, in _emit_update_statements
    raise orm_exc.StaleDataError(
sqlalchemy.orm.exc.StaleDataError: UPDATE statement on table 'serialized_dag' expected to update 2 row(s); 0 were matched.
