[2026-02-13T08:18:47.068+0800] {local_task_job_runner.py:123} INFO - ::group::Pre task execution logs
[2026-02-13T08:18:47.083+0800] {taskinstance.py:2631} INFO - Dependencies all met for dep_context=non-requeueable deps ti=<TaskInstance: dw_order_sync.run_automation_test2 manual__2026-02-13T00:18:24.219436+00:00 [queued]>
[2026-02-13T08:18:47.090+0800] {taskinstance.py:2631} INFO - Dependencies all met for dep_context=requeueable deps ti=<TaskInstance: dw_order_sync.run_automation_test2 manual__2026-02-13T00:18:24.219436+00:00 [queued]>
[2026-02-13T08:18:47.091+0800] {taskinstance.py:2884} INFO - Starting attempt 1 of 1
[2026-02-13T08:18:47.102+0800] {taskinstance.py:2907} INFO - Executing <Task(PythonOperator): run_automation_test2> on 2026-02-13 00:18:24.219436+00:00
[2026-02-13T08:18:47.104+0800] {standard_task_runner.py:72} INFO - Started process 1634 to run task
[2026-02-13T08:18:47.110+0800] {standard_task_runner.py:104} INFO - Running: ['airflow', 'tasks', 'run', 'dw_order_sync', 'run_automation_test2', 'manual__2026-02-13T00:18:24.219436+00:00', '--job-id', '13', '--raw', '--subdir', 'DAGS_FOLDER/tag_data_warehouse/dw_order_sync.py', '--cfg-path', '/var/folders/f7/4z7jtb213fs0mtgbw_0vs2600000gn/T/tmpfqlnbkb8']
[2026-02-13T08:18:47.114+0800] {standard_task_runner.py:105} INFO - Job 13: Subtask run_automation_test2
[2026-02-13T08:18:47.153+0800] {task_command.py:467} INFO - Running <TaskInstance: dw_order_sync.run_automation_test2 manual__2026-02-13T00:18:24.219436+00:00 [running]> on host localhost-2.local
[2026-02-13T08:18:47.382+0800] {taskinstance.py:3157} INFO - Exporting env vars: AIRFLOW_CTX_DAG_OWNER='airflow' AIRFLOW_CTX_DAG_ID='dw_order_sync' AIRFLOW_CTX_TASK_ID='run_automation_test2' AIRFLOW_CTX_EXECUTION_DATE='2026-02-13T00:18:24.219436+00:00' AIRFLOW_CTX_TRY_NUMBER='1' AIRFLOW_CTX_DAG_RUN_ID='manual__2026-02-13T00:18:24.219436+00:00'
[2026-02-13T08:18:47.384+0800] {taskinstance.py:740} INFO - ::endgroup::
[2026-02-13T08:18:54.706+0800] {logging_mixin.py:190} INFO - 子进程输出内容:
[2026-02-13T08:18:54.707+0800] {logging_mixin.py:190} INFO - /Users/linghuchong/Downloads/51/Python/project/instance/zyjk/CDRD/web/main2.log 2026-02-13 08:18:48.967190
浏览器版本前3： 145.0.7632
chrome驱动版本前3： /Users/linghuchong/.wdm/drivers/chromedriver/mac64/145.0.7632
[2026-02-13T08:18:54.708+0800] {logging_mixin.py:190} INFO - 子进程错误信息:
[2026-02-13T08:18:54.708+0800] {logging_mixin.py:190} INFO - Traceback (most recent call last):
  File "/Users/linghuchong/Downloads/51/Python/project/PO/DomPO.py", line 291, in find_element
    WebDriverWait(self.driver, 10).until(EC.visibility_of_element_located(loc))
  File "/Users/linghuchong/miniconda3/envs/py310/lib/python3.10/site-packages/selenium/webdriver/support/wait.py", line 137, in until
    value = method(self._driver)
  File "/Users/linghuchong/miniconda3/envs/py310/lib/python3.10/site-packages/selenium/webdriver/support/expected_conditions.py", line 224, in _predicate
    return _element_if_visible(driver.find_element(*locator))
  File "/Users/linghuchong/miniconda3/envs/py310/lib/python3.10/site-packages/selenium/webdriver/remote/webdriver.py", line 898, in find_element
    return self.execute(Command.FIND_ELEMENT, {"using": by, "value": value})["value"]
  File "/Users/linghuchong/miniconda3/envs/py310/lib/python3.10/site-packages/selenium/webdriver/remote/webdriver.py", line 429, in execute
    self.error_handler.check_response(response)
  File "/Users/linghuchong/miniconda3/envs/py310/lib/python3.10/site-packages/selenium/webdriver/remote/errorhandler.py", line 232, in check_response
    raise exception_class(message, screen, stacktrace)
selenium.common.exceptions.NoSuchWindowException: Message: no such window: target window already closed
from unknown error: web view not found
  (Session info: chrome=145.0.7632.46)
Stacktrace:
0   chromedriver                        0x00000001041c63b8 chromedriver + 6730680
1   chromedriver                        0x00000001041bdbea chromedriver + 6695914
2   chromedriver                        0x0000000103bc9cf5 chromedriver + 453877
3   chromedriver                        0x0000000103b9cf58 chromedriver + 270168
4   chromedriver                        0x0000000103c4d538 chromedriver + 992568
5   chromedriver                        0x0000000103c67388 chromedriver + 1098632
6   chromedriver                        0x0000000103c10774 chromedriver + 743284
7   chromedriver                        0x0000000103c11521 chromedriver + 746785
8   chromedriver                        0x000000010417f481 chromedriver + 6440065
9   chromedriver                        0x000000010418385a chromedriver + 6457434
10  chromedriver                        0x000000010415f139 chromedriver + 6308153
11  chromedriver                        0x00000001041842b8 chromedriver + 6460088
12  chromedriver                        0x000000010414daa0 chromedriver + 6236832
13  chromedriver                        0x00000001041aa498 chromedriver + 6616216
14  chromedriver                        0x00000001041aa652 chromedriver + 6616658
15  chromedriver                        0x00000001041bd7f6 chromedriver + 6694902
16  libsystem_pthread.dylib             0x00007ff800be14e1 _pthread_start + 125
17  libsystem_pthread.dylib             0x00007ff800bdcf6b thread_start + 15


During handling of the above exception, another exception occurred:

Traceback (most recent call last):
  File "/Users/linghuchong/Downloads/51/Python/project/instance/zyjk/CDRD/web/main2.py", line 29, in <module>
    Cdrd_PO.login()
  File "/Users/linghuchong/Downloads/51/Python/project/instance/zyjk/CDRD/web/CdrdPO.py", line 108, in login
    self.Web_PO.setTextByX('/html/body/div/div/div/form/div[3]/div/div/div/input', Configparser_PO.USER("user"))
  File "/Users/linghuchong/Downloads/51/Python/project/PO/DomPO.py", line 743, in setTextByX
    self.find_element(*(By.XPATH, varXpath)).clear()
  File "/Users/linghuchong/Downloads/51/Python/project/PO/DomPO.py", line 294, in find_element
    print("未找到元素 %s " % (loc))
TypeError: not all arguments converted during string formatting
[2026-02-13T08:18:54.709+0800] {python.py:240} INFO - Done. Returned value was: 1
[2026-02-13T08:18:54.734+0800] {taskinstance.py:349} INFO - ::group::Post task execution logs
[2026-02-13T08:18:54.736+0800] {taskinstance.py:361} INFO - Marking task as SUCCESS. dag_id=dw_order_sync, task_id=run_automation_test2, run_id=manual__2026-02-13T00:18:24.219436+00:00, execution_date=20260213T001824, start_date=20260213T001847, end_date=20260213T001854
[2026-02-13T08:18:54.807+0800] {local_task_job_runner.py:266} INFO - Task exited with return code 0
[2026-02-13T08:18:54.824+0800] {taskinstance.py:3924} INFO - 0 downstream tasks scheduled from follow-on schedule check
[2026-02-13T08:18:54.825+0800] {local_task_job_runner.py:245} INFO - ::endgroup::
