[2026-02-27T13:32:05.314+0800] {local_task_job_runner.py:123} INFO - ::group::Pre task execution logs
[2026-02-27T13:32:05.338+0800] {taskinstance.py:2631} INFO - Dependencies all met for dep_context=non-requeueable deps ti=<TaskInstance: cdrd_主控测试流程.等待_用户管理完成 manual__2026-02-27T05:31:42.617986+00:00 [queued]>
[2026-02-27T13:32:05.349+0800] {taskinstance.py:2631} INFO - Dependencies all met for dep_context=requeueable deps ti=<TaskInstance: cdrd_主控测试流程.等待_用户管理完成 manual__2026-02-27T05:31:42.617986+00:00 [queued]>
[2026-02-27T13:32:05.349+0800] {taskinstance.py:2884} INFO - Starting attempt 1 of 2
[2026-02-27T13:32:05.366+0800] {taskinstance.py:2907} INFO - Executing <Task(ExternalTaskSensor): 等待_用户管理完成> on 2026-02-27 05:31:42.617986+00:00
[2026-02-27T13:32:05.369+0800] {standard_task_runner.py:72} INFO - Started process 12318 to run task
[2026-02-27T13:32:05.379+0800] {standard_task_runner.py:104} INFO - Running: ['airflow', 'tasks', 'run', 'cdrd_主控测试流程', '等待_用户管理完成', 'manual__2026-02-27T05:31:42.617986+00:00', '--job-id', '488', '--raw', '--subdir', 'DAGS_FOLDER/tag_CDRD/cdrd_主控测试流程.py', '--cfg-path', '/var/folders/f7/4z7jtb213fs0mtgbw_0vs2600000gn/T/tmp37ur8gmf']
[2026-02-27T13:32:05.384+0800] {standard_task_runner.py:105} INFO - Job 488: Subtask 等待_用户管理完成
[2026-02-27T13:32:05.473+0800] {task_command.py:467} INFO - Running <TaskInstance: cdrd_主控测试流程.等待_用户管理完成 manual__2026-02-27T05:31:42.617986+00:00 [running]> on host localhost-2.local
[2026-02-27T13:32:05.742+0800] {taskinstance.py:3157} INFO - Exporting env vars: AIRFLOW_CTX_DAG_OWNER='airflow' AIRFLOW_CTX_DAG_ID='cdrd_主控测试流程' AIRFLOW_CTX_TASK_ID='等待_用户管理完成' AIRFLOW_CTX_EXECUTION_DATE='2026-02-27T05:31:42.617986+00:00' AIRFLOW_CTX_TRY_NUMBER='1' AIRFLOW_CTX_DAG_RUN_ID='manual__2026-02-27T05:31:42.617986+00:00'
[2026-02-27T13:32:05.743+0800] {taskinstance.py:740} INFO - ::endgroup::
[2026-02-27T13:32:05.761+0800] {baseoperator.py:423} WARNING - ExternalTaskSensor.execute cannot be called outside TaskInstance!
[2026-02-27T13:32:05.762+0800] {external_task.py:258} INFO - Poking for tasks ['收尾工作'] in dag cdrd_新增用户 on 2026-02-27T05:31:42.617986+00:00 ... 
[2026-02-27T13:33:05.765+0800] {external_task.py:258} INFO - Poking for tasks ['收尾工作'] in dag cdrd_新增用户 on 2026-02-27T05:31:42.617986+00:00 ... 
[2026-02-27T13:34:05.591+0800] {external_task.py:258} INFO - Poking for tasks ['收尾工作'] in dag cdrd_新增用户 on 2026-02-27T05:31:42.617986+00:00 ... 
[2026-02-27T13:35:05.596+0800] {external_task.py:258} INFO - Poking for tasks ['收尾工作'] in dag cdrd_新增用户 on 2026-02-27T05:31:42.617986+00:00 ... 
[2026-02-27T13:36:05.599+0800] {external_task.py:258} INFO - Poking for tasks ['收尾工作'] in dag cdrd_新增用户 on 2026-02-27T05:31:42.617986+00:00 ... 
[2026-02-27T13:37:05.603+0800] {external_task.py:258} INFO - Poking for tasks ['收尾工作'] in dag cdrd_新增用户 on 2026-02-27T05:31:42.617986+00:00 ... 
[2026-02-27T13:38:05.609+0800] {external_task.py:258} INFO - Poking for tasks ['收尾工作'] in dag cdrd_新增用户 on 2026-02-27T05:31:42.617986+00:00 ... 
[2026-02-27T13:39:05.612+0800] {external_task.py:258} INFO - Poking for tasks ['收尾工作'] in dag cdrd_新增用户 on 2026-02-27T05:31:42.617986+00:00 ... 
[2026-02-27T13:40:05.614+0800] {external_task.py:258} INFO - Poking for tasks ['收尾工作'] in dag cdrd_新增用户 on 2026-02-27T05:31:42.617986+00:00 ... 
[2026-02-27T13:40:34.636+0800] {local_task_job_runner.py:346} WARNING - State of this instance has been externally set to None. Terminating instance.
[2026-02-27T13:40:34.637+0800] {local_task_job_runner.py:245} INFO - ::endgroup::
[2026-02-27T13:40:34.651+0800] {process_utils.py:132} INFO - Sending 15 to group 12318. PIDs of all processes in the group: [12318]
[2026-02-27T13:40:34.652+0800] {process_utils.py:87} INFO - Sending the signal 15 to group 12318
[2026-02-27T13:40:34.653+0800] {taskinstance.py:3117} ERROR - Received SIGTERM. Terminating subprocesses.
[2026-02-27T13:40:34.662+0800] {taskinstance.py:3118} ERROR - Stacktrace: 
  File "/Users/linghuchong/miniconda3/envs/py310/bin/airflow", line 6, in <module>
    sys.exit(main())
  File "/Users/linghuchong/miniconda3/envs/py310/lib/python3.10/site-packages/airflow/__main__.py", line 62, in main
    args.func(args)
  File "/Users/linghuchong/miniconda3/envs/py310/lib/python3.10/site-packages/airflow/cli/cli_config.py", line 49, in command
    return func(*args, **kwargs)
  File "/Users/linghuchong/miniconda3/envs/py310/lib/python3.10/site-packages/airflow/utils/cli.py", line 116, in wrapper
    return f(*args, **kwargs)
  File "/Users/linghuchong/miniconda3/envs/py310/lib/python3.10/site-packages/airflow/cli/commands/task_command.py", line 483, in task_run
    task_return_code = _run_task_by_selected_method(args, _dag, ti)
  File "/Users/linghuchong/miniconda3/envs/py310/lib/python3.10/site-packages/airflow/cli/commands/task_command.py", line 254, in _run_task_by_selected_method
    return _run_task_by_local_task_job(args, ti)
  File "/Users/linghuchong/miniconda3/envs/py310/lib/python3.10/site-packages/airflow/cli/commands/task_command.py", line 322, in _run_task_by_local_task_job
    ret = run_job(job=job_runner.job, execute_callable=job_runner._execute)
  File "/Users/linghuchong/miniconda3/envs/py310/lib/python3.10/site-packages/airflow/utils/session.py", line 97, in wrapper
    return func(*args, session=session, **kwargs)
  File "/Users/linghuchong/miniconda3/envs/py310/lib/python3.10/site-packages/airflow/jobs/job.py", line 421, in run_job
    return execute_job(job, execute_callable=execute_callable)
  File "/Users/linghuchong/miniconda3/envs/py310/lib/python3.10/site-packages/airflow/jobs/job.py", line 450, in execute_job
    ret = execute_callable()
  File "/Users/linghuchong/miniconda3/envs/py310/lib/python3.10/site-packages/airflow/jobs/local_task_job_runner.py", line 171, in _execute
    self.task_runner.start()
  File "/Users/linghuchong/miniconda3/envs/py310/lib/python3.10/site-packages/airflow/task/task_runner/standard_task_runner.py", line 55, in start
    self.process = self._start_by_fork()
  File "/Users/linghuchong/miniconda3/envs/py310/lib/python3.10/site-packages/airflow/task/task_runner/standard_task_runner.py", line 117, in _start_by_fork
    ret = args.func(args, dag=self.dag)
  File "/Users/linghuchong/miniconda3/envs/py310/lib/python3.10/site-packages/airflow/cli/cli_config.py", line 49, in command
    return func(*args, **kwargs)
  File "/Users/linghuchong/miniconda3/envs/py310/lib/python3.10/site-packages/airflow/utils/cli.py", line 116, in wrapper
    return f(*args, **kwargs)
  File "/Users/linghuchong/miniconda3/envs/py310/lib/python3.10/site-packages/airflow/cli/commands/task_command.py", line 483, in task_run
    task_return_code = _run_task_by_selected_method(args, _dag, ti)
  File "/Users/linghuchong/miniconda3/envs/py310/lib/python3.10/site-packages/airflow/cli/commands/task_command.py", line 256, in _run_task_by_selected_method
    return _run_raw_task(args, ti)
  File "/Users/linghuchong/miniconda3/envs/py310/lib/python3.10/site-packages/airflow/cli/commands/task_command.py", line 341, in _run_raw_task
    return ti._run_raw_task(
  File "/Users/linghuchong/miniconda3/envs/py310/lib/python3.10/site-packages/airflow/utils/session.py", line 97, in wrapper
    return func(*args, session=session, **kwargs)
  File "/Users/linghuchong/miniconda3/envs/py310/lib/python3.10/site-packages/airflow/models/taskinstance.py", line 3029, in _run_raw_task
    return _run_raw_task(
  File "/Users/linghuchong/miniconda3/envs/py310/lib/python3.10/site-packages/airflow/models/taskinstance.py", line 282, in _run_raw_task
    TaskInstance._execute_task_with_callbacks(
  File "/Users/linghuchong/miniconda3/envs/py310/lib/python3.10/site-packages/airflow/models/taskinstance.py", line 3184, in _execute_task_with_callbacks
    result = self._execute_task(context, task_orig)
  File "/Users/linghuchong/miniconda3/envs/py310/lib/python3.10/site-packages/airflow/models/taskinstance.py", line 3208, in _execute_task
    return _execute_task(self, context, task_orig)
  File "/Users/linghuchong/miniconda3/envs/py310/lib/python3.10/site-packages/airflow/models/taskinstance.py", line 771, in _execute_task
    result = _execute_callable(context=context, **execute_callable_kwargs)
  File "/Users/linghuchong/miniconda3/envs/py310/lib/python3.10/site-packages/airflow/models/taskinstance.py", line 742, in _execute_callable
    return ExecutionCallableRunner(
  File "/Users/linghuchong/miniconda3/envs/py310/lib/python3.10/site-packages/airflow/utils/operator_helpers.py", line 252, in run
    return self.func(*args, **kwargs)
  File "/Users/linghuchong/miniconda3/envs/py310/lib/python3.10/site-packages/airflow/models/baseoperator.py", line 424, in wrapper
    return func(self, *args, **kwargs)
  File "/Users/linghuchong/miniconda3/envs/py310/lib/python3.10/site-packages/airflow/sensors/external_task.py", line 348, in execute
    super().execute(context)
  File "/Users/linghuchong/miniconda3/envs/py310/lib/python3.10/site-packages/airflow/models/baseoperator.py", line 424, in wrapper
    return func(self, *args, **kwargs)
  File "/Users/linghuchong/miniconda3/envs/py310/lib/python3.10/site-packages/airflow/sensors/base.py", line 337, in execute
    time.sleep(self._get_next_poke_interval(started_at, run_duration, poke_count))
  File "/Users/linghuchong/miniconda3/envs/py310/lib/python3.10/site-packages/airflow/models/taskinstance.py", line 3118, in signal_handler
    self.log.error("Stacktrace: \n%s", "".join(traceback.format_stack()))

[2026-02-27T13:40:34.673+0800] {taskinstance.py:3336} ERROR - Task failed with exception
Traceback (most recent call last):
  File "/Users/linghuchong/miniconda3/envs/py310/lib/python3.10/site-packages/airflow/models/taskinstance.py", line 771, in _execute_task
    result = _execute_callable(context=context, **execute_callable_kwargs)
  File "/Users/linghuchong/miniconda3/envs/py310/lib/python3.10/site-packages/airflow/models/taskinstance.py", line 742, in _execute_callable
    return ExecutionCallableRunner(
  File "/Users/linghuchong/miniconda3/envs/py310/lib/python3.10/site-packages/airflow/utils/operator_helpers.py", line 252, in run
    return self.func(*args, **kwargs)
  File "/Users/linghuchong/miniconda3/envs/py310/lib/python3.10/site-packages/airflow/models/baseoperator.py", line 424, in wrapper
    return func(self, *args, **kwargs)
  File "/Users/linghuchong/miniconda3/envs/py310/lib/python3.10/site-packages/airflow/sensors/external_task.py", line 348, in execute
    super().execute(context)
  File "/Users/linghuchong/miniconda3/envs/py310/lib/python3.10/site-packages/airflow/models/baseoperator.py", line 424, in wrapper
    return func(self, *args, **kwargs)
  File "/Users/linghuchong/miniconda3/envs/py310/lib/python3.10/site-packages/airflow/sensors/base.py", line 337, in execute
    time.sleep(self._get_next_poke_interval(started_at, run_duration, poke_count))
  File "/Users/linghuchong/miniconda3/envs/py310/lib/python3.10/site-packages/airflow/models/taskinstance.py", line 3120, in signal_handler
    raise AirflowTaskTerminated("Task received SIGTERM signal")
airflow.exceptions.AirflowTaskTerminated: Task received SIGTERM signal
[2026-02-27T13:40:34.680+0800] {taskinstance.py:1242} INFO - Marking task as UP_FOR_RETRY. dag_id=cdrd_主控测试流程, task_id=等待_用户管理完成, run_id=manual__2026-02-27T05:31:42.617986+00:00, execution_date=20260227T053142, start_date=20260227T053205, end_date=20260227T054034
[2026-02-27T13:40:34.688+0800] {taskinstance.py:349} INFO - ::group::Post task execution logs
[2026-02-27T13:40:34.689+0800] {standard_task_runner.py:124} ERROR - Failed to execute job 488 for task 等待_用户管理完成 ((sqlite3.IntegrityError) FOREIGN KEY constraint failed
[SQL: INSERT INTO task_fail (task_id, dag_id, run_id, map_index, start_date, end_date, duration) VALUES (?, ?, ?, ?, ?, ?, ?)]
[parameters: ('等待_用户管理完成', 'cdrd_主控测试流程', 'manual__2026-02-27T05:31:42.617986+00:00', -1, '2026-02-27 05:32:05.339006', '2026-02-27 05:40:34.679006', 509)]
(Background on this error at: https://sqlalche.me/e/14/gkpj); 12318)
Traceback (most recent call last):
  File "/Users/linghuchong/miniconda3/envs/py310/lib/python3.10/site-packages/airflow/models/taskinstance.py", line 282, in _run_raw_task
    TaskInstance._execute_task_with_callbacks(
  File "/Users/linghuchong/miniconda3/envs/py310/lib/python3.10/site-packages/airflow/models/taskinstance.py", line 3184, in _execute_task_with_callbacks
    result = self._execute_task(context, task_orig)
  File "/Users/linghuchong/miniconda3/envs/py310/lib/python3.10/site-packages/airflow/models/taskinstance.py", line 3208, in _execute_task
    return _execute_task(self, context, task_orig)
  File "/Users/linghuchong/miniconda3/envs/py310/lib/python3.10/site-packages/airflow/models/taskinstance.py", line 771, in _execute_task
    result = _execute_callable(context=context, **execute_callable_kwargs)
  File "/Users/linghuchong/miniconda3/envs/py310/lib/python3.10/site-packages/airflow/models/taskinstance.py", line 742, in _execute_callable
    return ExecutionCallableRunner(
  File "/Users/linghuchong/miniconda3/envs/py310/lib/python3.10/site-packages/airflow/utils/operator_helpers.py", line 252, in run
    return self.func(*args, **kwargs)
  File "/Users/linghuchong/miniconda3/envs/py310/lib/python3.10/site-packages/airflow/models/baseoperator.py", line 424, in wrapper
    return func(self, *args, **kwargs)
  File "/Users/linghuchong/miniconda3/envs/py310/lib/python3.10/site-packages/airflow/sensors/external_task.py", line 348, in execute
    super().execute(context)
  File "/Users/linghuchong/miniconda3/envs/py310/lib/python3.10/site-packages/airflow/models/baseoperator.py", line 424, in wrapper
    return func(self, *args, **kwargs)
  File "/Users/linghuchong/miniconda3/envs/py310/lib/python3.10/site-packages/airflow/sensors/base.py", line 337, in execute
    time.sleep(self._get_next_poke_interval(started_at, run_duration, poke_count))
  File "/Users/linghuchong/miniconda3/envs/py310/lib/python3.10/site-packages/airflow/models/taskinstance.py", line 3120, in signal_handler
    raise AirflowTaskTerminated("Task received SIGTERM signal")
airflow.exceptions.AirflowTaskTerminated: Task received SIGTERM signal

During handling of the above exception, another exception occurred:

Traceback (most recent call last):
  File "/Users/linghuchong/miniconda3/envs/py310/lib/python3.10/site-packages/sqlalchemy/engine/base.py", line 1910, in _execute_context
    self.dialect.do_execute(
  File "/Users/linghuchong/miniconda3/envs/py310/lib/python3.10/site-packages/sqlalchemy/engine/default.py", line 736, in do_execute
    cursor.execute(statement, parameters)
sqlite3.IntegrityError: FOREIGN KEY constraint failed

The above exception was the direct cause of the following exception:

Traceback (most recent call last):
  File "/Users/linghuchong/miniconda3/envs/py310/lib/python3.10/site-packages/airflow/task/task_runner/standard_task_runner.py", line 117, in _start_by_fork
    ret = args.func(args, dag=self.dag)
  File "/Users/linghuchong/miniconda3/envs/py310/lib/python3.10/site-packages/airflow/cli/cli_config.py", line 49, in command
    return func(*args, **kwargs)
  File "/Users/linghuchong/miniconda3/envs/py310/lib/python3.10/site-packages/airflow/utils/cli.py", line 116, in wrapper
    return f(*args, **kwargs)
  File "/Users/linghuchong/miniconda3/envs/py310/lib/python3.10/site-packages/airflow/cli/commands/task_command.py", line 483, in task_run
    task_return_code = _run_task_by_selected_method(args, _dag, ti)
  File "/Users/linghuchong/miniconda3/envs/py310/lib/python3.10/site-packages/airflow/cli/commands/task_command.py", line 256, in _run_task_by_selected_method
    return _run_raw_task(args, ti)
  File "/Users/linghuchong/miniconda3/envs/py310/lib/python3.10/site-packages/airflow/cli/commands/task_command.py", line 341, in _run_raw_task
    return ti._run_raw_task(
  File "/Users/linghuchong/miniconda3/envs/py310/lib/python3.10/site-packages/airflow/utils/session.py", line 97, in wrapper
    return func(*args, session=session, **kwargs)
  File "/Users/linghuchong/miniconda3/envs/py310/lib/python3.10/site-packages/airflow/models/taskinstance.py", line 3029, in _run_raw_task
    return _run_raw_task(
  File "/Users/linghuchong/miniconda3/envs/py310/lib/python3.10/site-packages/airflow/models/taskinstance.py", line 336, in _run_raw_task
    ti.handle_failure(e, test_mode, context, session=session)
  File "/Users/linghuchong/miniconda3/envs/py310/lib/python3.10/site-packages/airflow/utils/session.py", line 94, in wrapper
    return func(*args, **kwargs)
  File "/Users/linghuchong/miniconda3/envs/py310/lib/python3.10/site-packages/airflow/models/taskinstance.py", line 3457, in handle_failure
    _handle_failure(
  File "/Users/linghuchong/miniconda3/envs/py310/lib/python3.10/site-packages/airflow/utils/session.py", line 94, in wrapper
    return func(*args, **kwargs)
  File "/Users/linghuchong/miniconda3/envs/py310/lib/python3.10/site-packages/airflow/api_internal/internal_api_call.py", line 166, in wrapper
    return func(*args, **kwargs)
  File "/Users/linghuchong/miniconda3/envs/py310/lib/python3.10/site-packages/airflow/models/taskinstance.py", line 1260, in _handle_failure
    TaskInstance.save_to_db(task_instance, session)
  File "/Users/linghuchong/miniconda3/envs/py310/lib/python3.10/site-packages/airflow/api_internal/internal_api_call.py", line 166, in wrapper
    return func(*args, **kwargs)
  File "/Users/linghuchong/miniconda3/envs/py310/lib/python3.10/site-packages/airflow/utils/session.py", line 94, in wrapper
    return func(*args, **kwargs)
  File "/Users/linghuchong/miniconda3/envs/py310/lib/python3.10/site-packages/airflow/models/taskinstance.py", line 3425, in save_to_db
    ti.get_dagrun().refresh_from_db()
  File "/Users/linghuchong/miniconda3/envs/py310/lib/python3.10/site-packages/airflow/utils/session.py", line 96, in wrapper
    with create_session() as session:
  File "/Users/linghuchong/miniconda3/envs/py310/lib/python3.10/contextlib.py", line 142, in __exit__
    next(self.gen)
  File "/Users/linghuchong/miniconda3/envs/py310/lib/python3.10/site-packages/airflow/utils/session.py", line 57, in create_session
    session.commit()
  File "/Users/linghuchong/miniconda3/envs/py310/lib/python3.10/site-packages/sqlalchemy/orm/session.py", line 1454, in commit
    self._transaction.commit(_to_root=self.future)
  File "/Users/linghuchong/miniconda3/envs/py310/lib/python3.10/site-packages/sqlalchemy/orm/session.py", line 832, in commit
    self._prepare_impl()
  File "/Users/linghuchong/miniconda3/envs/py310/lib/python3.10/site-packages/sqlalchemy/orm/session.py", line 811, in _prepare_impl
    self.session.flush()
  File "/Users/linghuchong/miniconda3/envs/py310/lib/python3.10/site-packages/sqlalchemy/orm/session.py", line 3449, in flush
    self._flush(objects)
  File "/Users/linghuchong/miniconda3/envs/py310/lib/python3.10/site-packages/sqlalchemy/orm/session.py", line 3588, in _flush
    with util.safe_reraise():
  File "/Users/linghuchong/miniconda3/envs/py310/lib/python3.10/site-packages/sqlalchemy/util/langhelpers.py", line 70, in __exit__
    compat.raise_(
  File "/Users/linghuchong/miniconda3/envs/py310/lib/python3.10/site-packages/sqlalchemy/util/compat.py", line 211, in raise_
    raise exception
  File "/Users/linghuchong/miniconda3/envs/py310/lib/python3.10/site-packages/sqlalchemy/orm/session.py", line 3549, in _flush
    flush_context.execute()
  File "/Users/linghuchong/miniconda3/envs/py310/lib/python3.10/site-packages/sqlalchemy/orm/unitofwork.py", line 456, in execute
    rec.execute(self)
  File "/Users/linghuchong/miniconda3/envs/py310/lib/python3.10/site-packages/sqlalchemy/orm/unitofwork.py", line 630, in execute
    util.preloaded.orm_persistence.save_obj(
  File "/Users/linghuchong/miniconda3/envs/py310/lib/python3.10/site-packages/sqlalchemy/orm/persistence.py", line 245, in save_obj
    _emit_insert_statements(
  File "/Users/linghuchong/miniconda3/envs/py310/lib/python3.10/site-packages/sqlalchemy/orm/persistence.py", line 1238, in _emit_insert_statements
    result = connection._execute_20(
  File "/Users/linghuchong/miniconda3/envs/py310/lib/python3.10/site-packages/sqlalchemy/engine/base.py", line 1710, in _execute_20
    return meth(self, args_10style, kwargs_10style, execution_options)
  File "/Users/linghuchong/miniconda3/envs/py310/lib/python3.10/site-packages/sqlalchemy/sql/elements.py", line 334, in _execute_on_connection
    return connection._execute_clauseelement(
  File "/Users/linghuchong/miniconda3/envs/py310/lib/python3.10/site-packages/sqlalchemy/engine/base.py", line 1577, in _execute_clauseelement
    ret = self._execute_context(
  File "/Users/linghuchong/miniconda3/envs/py310/lib/python3.10/site-packages/sqlalchemy/engine/base.py", line 1953, in _execute_context
    self._handle_dbapi_exception(
  File "/Users/linghuchong/miniconda3/envs/py310/lib/python3.10/site-packages/sqlalchemy/engine/base.py", line 2134, in _handle_dbapi_exception
    util.raise_(
  File "/Users/linghuchong/miniconda3/envs/py310/lib/python3.10/site-packages/sqlalchemy/util/compat.py", line 211, in raise_
    raise exception
  File "/Users/linghuchong/miniconda3/envs/py310/lib/python3.10/site-packages/sqlalchemy/engine/base.py", line 1910, in _execute_context
    self.dialect.do_execute(
  File "/Users/linghuchong/miniconda3/envs/py310/lib/python3.10/site-packages/sqlalchemy/engine/default.py", line 736, in do_execute
    cursor.execute(statement, parameters)
sqlalchemy.exc.IntegrityError: (sqlite3.IntegrityError) FOREIGN KEY constraint failed
[SQL: INSERT INTO task_fail (task_id, dag_id, run_id, map_index, start_date, end_date, duration) VALUES (?, ?, ?, ?, ?, ?, ?)]
[parameters: ('等待_用户管理完成', 'cdrd_主控测试流程', 'manual__2026-02-27T05:31:42.617986+00:00', -1, '2026-02-27 05:32:05.339006', '2026-02-27 05:40:34.679006', 509)]
(Background on this error at: https://sqlalche.me/e/14/gkpj)
[2026-02-27T13:40:34.761+0800] {process_utils.py:80} INFO - Process psutil.Process(pid=12318, status='terminated', exitcode=1, started='13:32:05') (12318) terminated with exit code 1
