[2026-02-24T11:05:09.070+0800] {local_task_job_runner.py:123} INFO - ::group::Pre task execution logs
[2026-02-24T11:05:09.086+0800] {taskinstance.py:2631} INFO - Dependencies all met for dep_context=non-requeueable deps ti=<TaskInstance: c_1p1n_DAG1.c_1p1n_TASK1 dataset_triggered__2026-02-24T03:05:02.335454+00:00 [queued]>
[2026-02-24T11:05:09.093+0800] {taskinstance.py:2631} INFO - Dependencies all met for dep_context=requeueable deps ti=<TaskInstance: c_1p1n_DAG1.c_1p1n_TASK1 dataset_triggered__2026-02-24T03:05:02.335454+00:00 [queued]>
[2026-02-24T11:05:09.093+0800] {taskinstance.py:2884} INFO - Starting attempt 1 of 1
[2026-02-24T11:05:09.106+0800] {taskinstance.py:2907} INFO - Executing <Task(PythonOperator): c_1p1n_TASK1> on 2026-02-24 03:05:02.335454+00:00
[2026-02-24T11:05:09.109+0800] {standard_task_runner.py:72} INFO - Started process 6239 to run task
[2026-02-24T11:05:09.116+0800] {standard_task_runner.py:104} INFO - Running: ['airflow', 'tasks', 'run', 'c_1p1n_DAG1', 'c_1p1n_TASK1', 'dataset_triggered__2026-02-24T03:05:02.335454+00:00', '--job-id', '231', '--raw', '--subdir', 'DAGS_FOLDER/producer_consumer /1p1n.py', '--cfg-path', '/var/folders/f7/4z7jtb213fs0mtgbw_0vs2600000gn/T/tmphyrdmjfe']
[2026-02-24T11:05:09.120+0800] {standard_task_runner.py:105} INFO - Job 231: Subtask c_1p1n_TASK1
[2026-02-24T11:05:09.170+0800] {task_command.py:467} INFO - Running <TaskInstance: c_1p1n_DAG1.c_1p1n_TASK1 dataset_triggered__2026-02-24T03:05:02.335454+00:00 [running]> on host localhost-2.local
[2026-02-24T11:05:09.251+0800] {taskinstance.py:3157} INFO - Exporting env vars: AIRFLOW_CTX_DAG_OWNER='airflow' AIRFLOW_CTX_DAG_ID='c_1p1n_DAG1' AIRFLOW_CTX_TASK_ID='c_1p1n_TASK1' AIRFLOW_CTX_EXECUTION_DATE='2026-02-24T03:05:02.335454+00:00' AIRFLOW_CTX_TRY_NUMBER='1' AIRFLOW_CTX_DAG_RUN_ID='dataset_triggered__2026-02-24T03:05:02.335454+00:00'
[2026-02-24T11:05:09.253+0800] {taskinstance.py:740} INFO - ::endgroup::
[2026-02-24T11:05:09.284+0800] {logging_mixin.py:190} INFO - ✅ 成功从消费者 p_1p1n_DAGs.p_1p1n_TASK 获取 XCom 值: ('6477',)
[2026-02-24T11:05:09.285+0800] {logging_mixin.py:190} INFO - 【消费者任务1】从生产者获取的返回值: ('6477',)
[2026-02-24T11:05:09.285+0800] {logging_mixin.py:190} INFO - 2026-02-24 11:05:09
[2026-02-24T11:05:09.286+0800] {taskinstance.py:3336} ERROR - Task failed with exception
Traceback (most recent call last):
  File "/Users/linghuchong/miniconda3/envs/py310/lib/python3.10/site-packages/airflow/models/taskinstance.py", line 776, in _execute_task
    result = _execute_callable(context=context, **execute_callable_kwargs)
  File "/Users/linghuchong/miniconda3/envs/py310/lib/python3.10/site-packages/airflow/models/taskinstance.py", line 742, in _execute_callable
    return ExecutionCallableRunner(
  File "/Users/linghuchong/miniconda3/envs/py310/lib/python3.10/site-packages/airflow/utils/operator_helpers.py", line 252, in run
    return self.func(*args, **kwargs)
  File "/Users/linghuchong/miniconda3/envs/py310/lib/python3.10/site-packages/airflow/models/baseoperator.py", line 424, in wrapper
    return func(self, *args, **kwargs)
  File "/Users/linghuchong/miniconda3/envs/py310/lib/python3.10/site-packages/airflow/operators/python.py", line 238, in execute
    return_value = self.execute_callable()
  File "/Users/linghuchong/miniconda3/envs/py310/lib/python3.10/site-packages/airflow/operators/python.py", line 256, in execute_callable
    return runner.run(*self.op_args, **self.op_kwargs)
  File "/Users/linghuchong/miniconda3/envs/py310/lib/python3.10/site-packages/airflow/utils/operator_helpers.py", line 252, in run
    return self.func(*args, **kwargs)
  File "/Users/linghuchong/Downloads/51/Python/project/instance/airflow284/dags/producer_consumer /1p1n.py", line 120, in c_1p1n_TASK1
    xcom_value = xcom_value[0] + 100
TypeError: can only concatenate str (not "int") to str
[2026-02-24T11:05:09.293+0800] {taskinstance.py:1242} INFO - Marking task as FAILED. dag_id=c_1p1n_DAG1, task_id=c_1p1n_TASK1, run_id=dataset_triggered__2026-02-24T03:05:02.335454+00:00, execution_date=20260224T030502, start_date=20260224T030509, end_date=20260224T030509
[2026-02-24T11:05:09.310+0800] {taskinstance.py:349} INFO - ::group::Post task execution logs
[2026-02-24T11:05:09.311+0800] {standard_task_runner.py:124} ERROR - Failed to execute job 231 for task c_1p1n_TASK1 (can only concatenate str (not "int") to str; 6239)
Traceback (most recent call last):
  File "/Users/linghuchong/miniconda3/envs/py310/lib/python3.10/site-packages/airflow/task/task_runner/standard_task_runner.py", line 117, in _start_by_fork
    ret = args.func(args, dag=self.dag)
  File "/Users/linghuchong/miniconda3/envs/py310/lib/python3.10/site-packages/airflow/cli/cli_config.py", line 49, in command
    return func(*args, **kwargs)
  File "/Users/linghuchong/miniconda3/envs/py310/lib/python3.10/site-packages/airflow/utils/cli.py", line 116, in wrapper
    return f(*args, **kwargs)
  File "/Users/linghuchong/miniconda3/envs/py310/lib/python3.10/site-packages/airflow/cli/commands/task_command.py", line 483, in task_run
    task_return_code = _run_task_by_selected_method(args, _dag, ti)
  File "/Users/linghuchong/miniconda3/envs/py310/lib/python3.10/site-packages/airflow/cli/commands/task_command.py", line 256, in _run_task_by_selected_method
    return _run_raw_task(args, ti)
  File "/Users/linghuchong/miniconda3/envs/py310/lib/python3.10/site-packages/airflow/cli/commands/task_command.py", line 341, in _run_raw_task
    return ti._run_raw_task(
  File "/Users/linghuchong/miniconda3/envs/py310/lib/python3.10/site-packages/airflow/utils/session.py", line 97, in wrapper
    return func(*args, session=session, **kwargs)
  File "/Users/linghuchong/miniconda3/envs/py310/lib/python3.10/site-packages/airflow/models/taskinstance.py", line 3029, in _run_raw_task
    return _run_raw_task(
  File "/Users/linghuchong/miniconda3/envs/py310/lib/python3.10/site-packages/airflow/models/taskinstance.py", line 282, in _run_raw_task
    TaskInstance._execute_task_with_callbacks(
  File "/Users/linghuchong/miniconda3/envs/py310/lib/python3.10/site-packages/airflow/models/taskinstance.py", line 3184, in _execute_task_with_callbacks
    result = self._execute_task(context, task_orig)
  File "/Users/linghuchong/miniconda3/envs/py310/lib/python3.10/site-packages/airflow/models/taskinstance.py", line 3208, in _execute_task
    return _execute_task(self, context, task_orig)
  File "/Users/linghuchong/miniconda3/envs/py310/lib/python3.10/site-packages/airflow/models/taskinstance.py", line 776, in _execute_task
    result = _execute_callable(context=context, **execute_callable_kwargs)
  File "/Users/linghuchong/miniconda3/envs/py310/lib/python3.10/site-packages/airflow/models/taskinstance.py", line 742, in _execute_callable
    return ExecutionCallableRunner(
  File "/Users/linghuchong/miniconda3/envs/py310/lib/python3.10/site-packages/airflow/utils/operator_helpers.py", line 252, in run
    return self.func(*args, **kwargs)
  File "/Users/linghuchong/miniconda3/envs/py310/lib/python3.10/site-packages/airflow/models/baseoperator.py", line 424, in wrapper
    return func(self, *args, **kwargs)
  File "/Users/linghuchong/miniconda3/envs/py310/lib/python3.10/site-packages/airflow/operators/python.py", line 238, in execute
    return_value = self.execute_callable()
  File "/Users/linghuchong/miniconda3/envs/py310/lib/python3.10/site-packages/airflow/operators/python.py", line 256, in execute_callable
    return runner.run(*self.op_args, **self.op_kwargs)
  File "/Users/linghuchong/miniconda3/envs/py310/lib/python3.10/site-packages/airflow/utils/operator_helpers.py", line 252, in run
    return self.func(*args, **kwargs)
  File "/Users/linghuchong/Downloads/51/Python/project/instance/airflow284/dags/producer_consumer /1p1n.py", line 120, in c_1p1n_TASK1
    xcom_value = xcom_value[0] + 100
TypeError: can only concatenate str (not "int") to str
[2026-02-24T11:05:09.350+0800] {local_task_job_runner.py:266} INFO - Task exited with return code 1
[2026-02-24T11:05:09.380+0800] {taskinstance.py:3924} INFO - 0 downstream tasks scheduled from follow-on schedule check
[2026-02-24T11:05:09.386+0800] {local_task_job_runner.py:245} INFO - ::endgroup::
